{"/Users/eugeniamorales/Downloads/Documents/cs308project/r-EZ-ipe-backend/models/Schemas.js": {"path":"/Users/eugeniamorales/Downloads/Documents/cs308project/r-EZ-ipe-backend/models/Schemas.js","statementMap":{"0":{"start":{"line":1,"column":17},"end":{"line":1,"column":36}},"1":{"start":{"line":2,"column":15},"end":{"line":2,"column":30}},"2":{"start":{"line":4,"column":21},"end":{"line":10,"column":2}},"3":{"start":{"line":13,"column":25},"end":{"line":17,"column":2}},"4":{"start":{"line":19,"column":22},"end":{"line":23,"column":2}},"5":{"start":{"line":25,"column":20},"end":{"line":29,"column":2}},"6":{"start":{"line":31,"column":22},"end":{"line":35,"column":2}},"7":{"start":{"line":37,"column":24},"end":{"line":41,"column":2}},"8":{"start":{"line":43,"column":24},"end":{"line":47,"column":2}},"9":{"start":{"line":49,"column":27},"end":{"line":53,"column":2}},"10":{"start":{"line":55,"column":19},"end":{"line":59,"column":2}},"11":{"start":{"line":61,"column":20},"end":{"line":65,"column":2}},"12":{"start":{"line":67,"column":20},"end":{"line":72,"column":2}},"13":{"start":{"line":74,"column":16},"end":{"line":74,"column":66}},"14":{"start":{"line":76,"column":19},"end":{"line":76,"column":79}},"15":{"start":{"line":77,"column":16},"end":{"line":77,"column":67}},"16":{"start":{"line":78,"column":14},"end":{"line":78,"column":59}},"17":{"start":{"line":79,"column":16},"end":{"line":79,"column":67}},"18":{"start":{"line":80,"column":18},"end":{"line":80,"column":75}},"19":{"start":{"line":81,"column":18},"end":{"line":81,"column":75}},"20":{"start":{"line":82,"column":21},"end":{"line":86,"column":1}},"21":{"start":{"line":87,"column":13},"end":{"line":87,"column":55}},"22":{"start":{"line":88,"column":14},"end":{"line":88,"column":59}},"23":{"start":{"line":89,"column":14},"end":{"line":89,"column":59}},"24":{"start":{"line":90,"column":18},"end":{"line":102,"column":1}},"25":{"start":{"line":104,"column":0},"end":{"line":104,"column":27}}},"fnMap":{},"branchMap":{},"s":{"0":1,"1":1,"2":1,"3":1,"4":1,"5":1,"6":1,"7":1,"8":1,"9":1,"10":1,"11":1,"12":1,"13":1,"14":1,"15":1,"16":1,"17":1,"18":1,"19":1,"20":1,"21":1,"22":1,"23":1,"24":1,"25":1},"f":{},"b":{},"_coverageSchema":"1a1c01bbd47fc00a2c39e90264f33305004495a9","hash":"73765da84f6f32e2f72bc5cb8f49ec737b23def9"}
,"/Users/eugeniamorales/Downloads/Documents/cs308project/r-EZ-ipe-backend/routes/handler.js": {"path":"/Users/eugeniamorales/Downloads/Documents/cs308project/r-EZ-ipe-backend/routes/handler.js","statementMap":{"0":{"start":{"line":1,"column":16},"end":{"line":1,"column":34}},"1":{"start":{"line":2,"column":24},"end":{"line":2,"column":43}},"2":{"start":{"line":3,"column":15},"end":{"line":3,"column":31}},"3":{"start":{"line":4,"column":16},"end":{"line":4,"column":47}},"4":{"start":{"line":5,"column":0},"end":{"line":5,"column":16}},"5":{"start":{"line":8,"column":20},"end":{"line":11,"column":9}},"6":{"start":{"line":8,"column":26},"end":{"line":11,"column":9}},"7":{"start":{"line":14,"column":23},"end":{"line":21,"column":3}},"8":{"start":{"line":15,"column":19},"end":{"line":19,"column":6}},"9":{"start":{"line":20,"column":4},"end":{"line":20,"column":25}},"10":{"start":{"line":24,"column":0},"end":{"line":35,"column":3}},"11":{"start":{"line":25,"column":18},"end":{"line":25,"column":33}},"12":{"start":{"line":27,"column":22},"end":{"line":34,"column":28}},"13":{"start":{"line":28,"column":4},"end":{"line":28,"column":23}},"14":{"start":{"line":28,"column":13},"end":{"line":28,"column":23}},"15":{"start":{"line":29,"column":4},"end":{"line":33,"column":5}},"16":{"start":{"line":30,"column":6},"end":{"line":30,"column":42}},"17":{"start":{"line":32,"column":6},"end":{"line":32,"column":16}},"18":{"start":{"line":37,"column":0},"end":{"line":48,"column":3}},"19":{"start":{"line":38,"column":21},"end":{"line":38,"column":39}},"20":{"start":{"line":40,"column":28},"end":{"line":47,"column":4}},"21":{"start":{"line":41,"column":4},"end":{"line":41,"column":23}},"22":{"start":{"line":41,"column":13},"end":{"line":41,"column":23}},"23":{"start":{"line":42,"column":4},"end":{"line":46,"column":5}},"24":{"start":{"line":43,"column":6},"end":{"line":43,"column":42}},"25":{"start":{"line":45,"column":6},"end":{"line":45,"column":16}},"26":{"start":{"line":50,"column":0},"end":{"line":61,"column":3}},"27":{"start":{"line":51,"column":16},"end":{"line":51,"column":29}},"28":{"start":{"line":53,"column":23},"end":{"line":60,"column":4}},"29":{"start":{"line":54,"column":4},"end":{"line":54,"column":23}},"30":{"start":{"line":54,"column":13},"end":{"line":54,"column":23}},"31":{"start":{"line":55,"column":4},"end":{"line":59,"column":5}},"32":{"start":{"line":56,"column":6},"end":{"line":56,"column":42}},"33":{"start":{"line":58,"column":6},"end":{"line":58,"column":16}},"34":{"start":{"line":63,"column":0},"end":{"line":74,"column":3}},"35":{"start":{"line":64,"column":18},"end":{"line":64,"column":33}},"36":{"start":{"line":66,"column":25},"end":{"line":73,"column":4}},"37":{"start":{"line":67,"column":4},"end":{"line":67,"column":23}},"38":{"start":{"line":67,"column":13},"end":{"line":67,"column":23}},"39":{"start":{"line":68,"column":4},"end":{"line":72,"column":5}},"40":{"start":{"line":69,"column":6},"end":{"line":69,"column":42}},"41":{"start":{"line":71,"column":6},"end":{"line":71,"column":16}},"42":{"start":{"line":76,"column":0},"end":{"line":87,"column":3}},"43":{"start":{"line":77,"column":15},"end":{"line":77,"column":27}},"44":{"start":{"line":79,"column":22},"end":{"line":86,"column":4}},"45":{"start":{"line":80,"column":4},"end":{"line":80,"column":23}},"46":{"start":{"line":80,"column":13},"end":{"line":80,"column":23}},"47":{"start":{"line":81,"column":4},"end":{"line":85,"column":5}},"48":{"start":{"line":82,"column":6},"end":{"line":82,"column":42}},"49":{"start":{"line":84,"column":6},"end":{"line":84,"column":16}},"50":{"start":{"line":89,"column":0},"end":{"line":100,"column":3}},"51":{"start":{"line":90,"column":23},"end":{"line":90,"column":43}},"52":{"start":{"line":92,"column":30},"end":{"line":99,"column":4}},"53":{"start":{"line":93,"column":4},"end":{"line":93,"column":23}},"54":{"start":{"line":93,"column":13},"end":{"line":93,"column":23}},"55":{"start":{"line":94,"column":4},"end":{"line":98,"column":5}},"56":{"start":{"line":95,"column":6},"end":{"line":95,"column":42}},"57":{"start":{"line":97,"column":6},"end":{"line":97,"column":16}},"58":{"start":{"line":102,"column":0},"end":{"line":113,"column":3}},"59":{"start":{"line":103,"column":20},"end":{"line":103,"column":37}},"60":{"start":{"line":105,"column":27},"end":{"line":112,"column":4}},"61":{"start":{"line":106,"column":4},"end":{"line":106,"column":23}},"62":{"start":{"line":106,"column":13},"end":{"line":106,"column":23}},"63":{"start":{"line":107,"column":4},"end":{"line":111,"column":5}},"64":{"start":{"line":108,"column":6},"end":{"line":108,"column":42}},"65":{"start":{"line":110,"column":6},"end":{"line":110,"column":16}},"66":{"start":{"line":115,"column":0},"end":{"line":126,"column":3}},"67":{"start":{"line":116,"column":16},"end":{"line":116,"column":29}},"68":{"start":{"line":118,"column":23},"end":{"line":125,"column":4}},"69":{"start":{"line":119,"column":4},"end":{"line":119,"column":23}},"70":{"start":{"line":119,"column":13},"end":{"line":119,"column":23}},"71":{"start":{"line":120,"column":4},"end":{"line":124,"column":5}},"72":{"start":{"line":121,"column":6},"end":{"line":121,"column":42}},"73":{"start":{"line":123,"column":6},"end":{"line":123,"column":16}},"74":{"start":{"line":128,"column":0},"end":{"line":139,"column":3}},"75":{"start":{"line":129,"column":20},"end":{"line":129,"column":37}},"76":{"start":{"line":131,"column":27},"end":{"line":138,"column":4}},"77":{"start":{"line":132,"column":4},"end":{"line":132,"column":23}},"78":{"start":{"line":132,"column":13},"end":{"line":132,"column":23}},"79":{"start":{"line":133,"column":4},"end":{"line":137,"column":5}},"80":{"start":{"line":134,"column":6},"end":{"line":134,"column":42}},"81":{"start":{"line":136,"column":6},"end":{"line":136,"column":16}},"82":{"start":{"line":141,"column":0},"end":{"line":152,"column":3}},"83":{"start":{"line":142,"column":18},"end":{"line":142,"column":33}},"84":{"start":{"line":144,"column":25},"end":{"line":151,"column":4}},"85":{"start":{"line":145,"column":4},"end":{"line":145,"column":23}},"86":{"start":{"line":145,"column":13},"end":{"line":145,"column":23}},"87":{"start":{"line":146,"column":4},"end":{"line":150,"column":5}},"88":{"start":{"line":147,"column":6},"end":{"line":147,"column":42}},"89":{"start":{"line":149,"column":6},"end":{"line":149,"column":16}},"90":{"start":{"line":154,"column":0},"end":{"line":165,"column":3}},"91":{"start":{"line":155,"column":16},"end":{"line":155,"column":29}},"92":{"start":{"line":157,"column":25},"end":{"line":164,"column":4}},"93":{"start":{"line":158,"column":4},"end":{"line":158,"column":23}},"94":{"start":{"line":158,"column":13},"end":{"line":158,"column":23}},"95":{"start":{"line":159,"column":4},"end":{"line":163,"column":5}},"96":{"start":{"line":160,"column":6},"end":{"line":160,"column":40}},"97":{"start":{"line":162,"column":6},"end":{"line":162,"column":16}},"98":{"start":{"line":168,"column":0},"end":{"line":195,"column":3}},"99":{"start":{"line":169,"column":21},"end":{"line":169,"column":40}},"100":{"start":{"line":170,"column":28},"end":{"line":170,"column":54}},"101":{"start":{"line":171,"column":22},"end":{"line":171,"column":42}},"102":{"start":{"line":172,"column":20},"end":{"line":172,"column":38}},"103":{"start":{"line":173,"column":20},"end":{"line":173,"column":40}},"104":{"start":{"line":175,"column":20},"end":{"line":181,"column":4}},"105":{"start":{"line":183,"column":2},"end":{"line":194,"column":3}},"106":{"start":{"line":184,"column":4},"end":{"line":188,"column":7}},"107":{"start":{"line":185,"column":6},"end":{"line":185,"column":40}},"108":{"start":{"line":185,"column":15},"end":{"line":185,"column":40}},"109":{"start":{"line":186,"column":6},"end":{"line":186,"column":24}},"110":{"start":{"line":187,"column":6},"end":{"line":187,"column":16}},"111":{"start":{"line":190,"column":4},"end":{"line":190,"column":21}},"112":{"start":{"line":191,"column":4},"end":{"line":191,"column":22}},"113":{"start":{"line":192,"column":4},"end":{"line":192,"column":29}},"114":{"start":{"line":193,"column":4},"end":{"line":193,"column":14}},"115":{"start":{"line":197,"column":0},"end":{"line":218,"column":3}},"116":{"start":{"line":198,"column":15},"end":{"line":198,"column":28}},"117":{"start":{"line":199,"column":23},"end":{"line":199,"column":40}},"118":{"start":{"line":200,"column":19},"end":{"line":200,"column":39}},"119":{"start":{"line":202,"column":19},"end":{"line":206,"column":4}},"120":{"start":{"line":208,"column":2},"end":{"line":217,"column":3}},"121":{"start":{"line":209,"column":4},"end":{"line":212,"column":7}},"122":{"start":{"line":210,"column":6},"end":{"line":210,"column":38}},"123":{"start":{"line":210,"column":15},"end":{"line":210,"column":38}},"124":{"start":{"line":211,"column":6},"end":{"line":211,"column":16}},"125":{"start":{"line":214,"column":4},"end":{"line":214,"column":21}},"126":{"start":{"line":215,"column":4},"end":{"line":215,"column":27}},"127":{"start":{"line":216,"column":4},"end":{"line":216,"column":14}},"128":{"start":{"line":220,"column":0},"end":{"line":220,"column":52}}},"fnMap":{"0":{"name":"(anonymous_0)","decl":{"start":{"line":8,"column":20},"end":{"line":8,"column":21}},"loc":{"start":{"line":8,"column":26},"end":{"line":11,"column":9}},"line":8},"1":{"name":"(anonymous_1)","decl":{"start":{"line":14,"column":23},"end":{"line":14,"column":24}},"loc":{"start":{"line":14,"column":55},"end":{"line":21,"column":3}},"line":14},"2":{"name":"(anonymous_2)","decl":{"start":{"line":24,"column":23},"end":{"line":24,"column":24}},"loc":{"start":{"line":24,"column":43},"end":{"line":35,"column":1}},"line":24},"3":{"name":"(anonymous_3)","decl":{"start":{"line":27,"column":45},"end":{"line":27,"column":46}},"loc":{"start":{"line":27,"column":66},"end":{"line":34,"column":3}},"line":27},"4":{"name":"(anonymous_4)","decl":{"start":{"line":37,"column":33},"end":{"line":37,"column":34}},"loc":{"start":{"line":37,"column":49},"end":{"line":48,"column":1}},"line":37},"5":{"name":"(anonymous_5)","decl":{"start":{"line":40,"column":54},"end":{"line":40,"column":55}},"loc":{"start":{"line":40,"column":75},"end":{"line":47,"column":3}},"line":40},"6":{"name":"(anonymous_6)","decl":{"start":{"line":50,"column":28},"end":{"line":50,"column":29}},"loc":{"start":{"line":50,"column":44},"end":{"line":61,"column":1}},"line":50},"7":{"name":"(anonymous_7)","decl":{"start":{"line":53,"column":44},"end":{"line":53,"column":45}},"loc":{"start":{"line":53,"column":65},"end":{"line":60,"column":3}},"line":53},"8":{"name":"(anonymous_8)","decl":{"start":{"line":63,"column":30},"end":{"line":63,"column":31}},"loc":{"start":{"line":63,"column":46},"end":{"line":74,"column":1}},"line":63},"9":{"name":"(anonymous_9)","decl":{"start":{"line":66,"column":48},"end":{"line":66,"column":49}},"loc":{"start":{"line":66,"column":69},"end":{"line":73,"column":3}},"line":66},"10":{"name":"(anonymous_10)","decl":{"start":{"line":76,"column":27},"end":{"line":76,"column":28}},"loc":{"start":{"line":76,"column":43},"end":{"line":87,"column":1}},"line":76},"11":{"name":"(anonymous_11)","decl":{"start":{"line":79,"column":42},"end":{"line":79,"column":43}},"loc":{"start":{"line":79,"column":63},"end":{"line":86,"column":3}},"line":79},"12":{"name":"(anonymous_12)","decl":{"start":{"line":89,"column":35},"end":{"line":89,"column":36}},"loc":{"start":{"line":89,"column":50},"end":{"line":100,"column":1}},"line":89},"13":{"name":"(anonymous_13)","decl":{"start":{"line":92,"column":58},"end":{"line":92,"column":59}},"loc":{"start":{"line":92,"column":79},"end":{"line":99,"column":3}},"line":92},"14":{"name":"(anonymous_14)","decl":{"start":{"line":102,"column":32},"end":{"line":102,"column":33}},"loc":{"start":{"line":102,"column":48},"end":{"line":113,"column":1}},"line":102},"15":{"name":"(anonymous_15)","decl":{"start":{"line":105,"column":52},"end":{"line":105,"column":53}},"loc":{"start":{"line":105,"column":73},"end":{"line":112,"column":3}},"line":105},"16":{"name":"(anonymous_16)","decl":{"start":{"line":115,"column":28},"end":{"line":115,"column":29}},"loc":{"start":{"line":115,"column":44},"end":{"line":126,"column":1}},"line":115},"17":{"name":"(anonymous_17)","decl":{"start":{"line":118,"column":44},"end":{"line":118,"column":45}},"loc":{"start":{"line":118,"column":65},"end":{"line":125,"column":3}},"line":118},"18":{"name":"(anonymous_18)","decl":{"start":{"line":128,"column":32},"end":{"line":128,"column":33}},"loc":{"start":{"line":128,"column":47},"end":{"line":139,"column":1}},"line":128},"19":{"name":"(anonymous_19)","decl":{"start":{"line":131,"column":52},"end":{"line":131,"column":53}},"loc":{"start":{"line":131,"column":73},"end":{"line":138,"column":3}},"line":131},"20":{"name":"(anonymous_20)","decl":{"start":{"line":141,"column":30},"end":{"line":141,"column":31}},"loc":{"start":{"line":141,"column":46},"end":{"line":152,"column":1}},"line":141},"21":{"name":"(anonymous_21)","decl":{"start":{"line":144,"column":48},"end":{"line":144,"column":49}},"loc":{"start":{"line":144,"column":69},"end":{"line":151,"column":3}},"line":144},"22":{"name":"(anonymous_22)","decl":{"start":{"line":154,"column":21},"end":{"line":154,"column":22}},"loc":{"start":{"line":154,"column":37},"end":{"line":165,"column":1}},"line":154},"23":{"name":"(anonymous_23)","decl":{"start":{"line":157,"column":46},"end":{"line":157,"column":47}},"loc":{"start":{"line":157,"column":65},"end":{"line":164,"column":3}},"line":157},"24":{"name":"(anonymous_24)","decl":{"start":{"line":168,"column":26},"end":{"line":168,"column":27}},"loc":{"start":{"line":168,"column":46},"end":{"line":195,"column":1}},"line":168},"25":{"name":"(anonymous_25)","decl":{"start":{"line":184,"column":25},"end":{"line":184,"column":26}},"loc":{"start":{"line":184,"column":52},"end":{"line":188,"column":5}},"line":184},"26":{"name":"(anonymous_26)","decl":{"start":{"line":197,"column":24},"end":{"line":197,"column":25}},"loc":{"start":{"line":197,"column":44},"end":{"line":218,"column":1}},"line":197},"27":{"name":"(anonymous_27)","decl":{"start":{"line":209,"column":24},"end":{"line":209,"column":25}},"loc":{"start":{"line":209,"column":51},"end":{"line":212,"column":5}},"line":209}},"branchMap":{"0":{"loc":{"start":{"line":28,"column":4},"end":{"line":28,"column":23}},"type":"if","locations":[{"start":{"line":28,"column":4},"end":{"line":28,"column":23}},{"start":{},"end":{}}],"line":28},"1":{"loc":{"start":{"line":29,"column":4},"end":{"line":33,"column":5}},"type":"if","locations":[{"start":{"line":29,"column":4},"end":{"line":33,"column":5}},{"start":{"line":31,"column":11},"end":{"line":33,"column":5}}],"line":29},"2":{"loc":{"start":{"line":41,"column":4},"end":{"line":41,"column":23}},"type":"if","locations":[{"start":{"line":41,"column":4},"end":{"line":41,"column":23}},{"start":{},"end":{}}],"line":41},"3":{"loc":{"start":{"line":42,"column":4},"end":{"line":46,"column":5}},"type":"if","locations":[{"start":{"line":42,"column":4},"end":{"line":46,"column":5}},{"start":{"line":44,"column":11},"end":{"line":46,"column":5}}],"line":42},"4":{"loc":{"start":{"line":54,"column":4},"end":{"line":54,"column":23}},"type":"if","locations":[{"start":{"line":54,"column":4},"end":{"line":54,"column":23}},{"start":{},"end":{}}],"line":54},"5":{"loc":{"start":{"line":55,"column":4},"end":{"line":59,"column":5}},"type":"if","locations":[{"start":{"line":55,"column":4},"end":{"line":59,"column":5}},{"start":{"line":57,"column":11},"end":{"line":59,"column":5}}],"line":55},"6":{"loc":{"start":{"line":67,"column":4},"end":{"line":67,"column":23}},"type":"if","locations":[{"start":{"line":67,"column":4},"end":{"line":67,"column":23}},{"start":{},"end":{}}],"line":67},"7":{"loc":{"start":{"line":68,"column":4},"end":{"line":72,"column":5}},"type":"if","locations":[{"start":{"line":68,"column":4},"end":{"line":72,"column":5}},{"start":{"line":70,"column":11},"end":{"line":72,"column":5}}],"line":68},"8":{"loc":{"start":{"line":80,"column":4},"end":{"line":80,"column":23}},"type":"if","locations":[{"start":{"line":80,"column":4},"end":{"line":80,"column":23}},{"start":{},"end":{}}],"line":80},"9":{"loc":{"start":{"line":81,"column":4},"end":{"line":85,"column":5}},"type":"if","locations":[{"start":{"line":81,"column":4},"end":{"line":85,"column":5}},{"start":{"line":83,"column":11},"end":{"line":85,"column":5}}],"line":81},"10":{"loc":{"start":{"line":93,"column":4},"end":{"line":93,"column":23}},"type":"if","locations":[{"start":{"line":93,"column":4},"end":{"line":93,"column":23}},{"start":{},"end":{}}],"line":93},"11":{"loc":{"start":{"line":94,"column":4},"end":{"line":98,"column":5}},"type":"if","locations":[{"start":{"line":94,"column":4},"end":{"line":98,"column":5}},{"start":{"line":96,"column":11},"end":{"line":98,"column":5}}],"line":94},"12":{"loc":{"start":{"line":106,"column":4},"end":{"line":106,"column":23}},"type":"if","locations":[{"start":{"line":106,"column":4},"end":{"line":106,"column":23}},{"start":{},"end":{}}],"line":106},"13":{"loc":{"start":{"line":107,"column":4},"end":{"line":111,"column":5}},"type":"if","locations":[{"start":{"line":107,"column":4},"end":{"line":111,"column":5}},{"start":{"line":109,"column":11},"end":{"line":111,"column":5}}],"line":107},"14":{"loc":{"start":{"line":119,"column":4},"end":{"line":119,"column":23}},"type":"if","locations":[{"start":{"line":119,"column":4},"end":{"line":119,"column":23}},{"start":{},"end":{}}],"line":119},"15":{"loc":{"start":{"line":120,"column":4},"end":{"line":124,"column":5}},"type":"if","locations":[{"start":{"line":120,"column":4},"end":{"line":124,"column":5}},{"start":{"line":122,"column":11},"end":{"line":124,"column":5}}],"line":120},"16":{"loc":{"start":{"line":132,"column":4},"end":{"line":132,"column":23}},"type":"if","locations":[{"start":{"line":132,"column":4},"end":{"line":132,"column":23}},{"start":{},"end":{}}],"line":132},"17":{"loc":{"start":{"line":133,"column":4},"end":{"line":137,"column":5}},"type":"if","locations":[{"start":{"line":133,"column":4},"end":{"line":137,"column":5}},{"start":{"line":135,"column":11},"end":{"line":137,"column":5}}],"line":133},"18":{"loc":{"start":{"line":145,"column":4},"end":{"line":145,"column":23}},"type":"if","locations":[{"start":{"line":145,"column":4},"end":{"line":145,"column":23}},{"start":{},"end":{}}],"line":145},"19":{"loc":{"start":{"line":146,"column":4},"end":{"line":150,"column":5}},"type":"if","locations":[{"start":{"line":146,"column":4},"end":{"line":150,"column":5}},{"start":{"line":148,"column":11},"end":{"line":150,"column":5}}],"line":146},"20":{"loc":{"start":{"line":158,"column":4},"end":{"line":158,"column":23}},"type":"if","locations":[{"start":{"line":158,"column":4},"end":{"line":158,"column":23}},{"start":{},"end":{}}],"line":158},"21":{"loc":{"start":{"line":159,"column":4},"end":{"line":163,"column":5}},"type":"if","locations":[{"start":{"line":159,"column":4},"end":{"line":163,"column":5}},{"start":{"line":161,"column":11},"end":{"line":163,"column":5}}],"line":159},"22":{"loc":{"start":{"line":185,"column":6},"end":{"line":185,"column":40}},"type":"if","locations":[{"start":{"line":185,"column":6},"end":{"line":185,"column":40}},{"start":{},"end":{}}],"line":185},"23":{"loc":{"start":{"line":210,"column":6},"end":{"line":210,"column":38}},"type":"if","locations":[{"start":{"line":210,"column":6},"end":{"line":210,"column":38}},{"start":{},"end":{}}],"line":210}},"s":{"0":1,"1":1,"2":1,"3":1,"4":1,"5":1,"6":2,"7":1,"8":1,"9":1,"10":1,"11":0,"12":0,"13":0,"14":0,"15":0,"16":0,"17":0,"18":1,"19":0,"20":0,"21":0,"22":0,"23":0,"24":0,"25":0,"26":1,"27":0,"28":0,"29":0,"30":0,"31":0,"32":0,"33":0,"34":1,"35":0,"36":0,"37":0,"38":0,"39":0,"40":0,"41":0,"42":1,"43":0,"44":0,"45":0,"46":0,"47":0,"48":0,"49":0,"50":1,"51":0,"52":0,"53":0,"54":0,"55":0,"56":0,"57":0,"58":1,"59":0,"60":0,"61":0,"62":0,"63":0,"64":0,"65":0,"66":1,"67":0,"68":0,"69":0,"70":0,"71":0,"72":0,"73":0,"74":1,"75":0,"76":0,"77":0,"78":0,"79":0,"80":0,"81":0,"82":1,"83":0,"84":0,"85":0,"86":0,"87":0,"88":0,"89":0,"90":1,"91":0,"92":0,"93":0,"94":0,"95":0,"96":0,"97":0,"98":1,"99":0,"100":0,"101":0,"102":0,"103":0,"104":0,"105":0,"106":0,"107":0,"108":0,"109":0,"110":0,"111":0,"112":0,"113":0,"114":0,"115":1,"116":0,"117":0,"118":0,"119":0,"120":0,"121":0,"122":0,"123":0,"124":0,"125":0,"126":0,"127":0,"128":1},"f":{"0":2,"1":1,"2":0,"3":0,"4":0,"5":0,"6":0,"7":0,"8":0,"9":0,"10":0,"11":0,"12":0,"13":0,"14":0,"15":0,"16":0,"17":0,"18":0,"19":0,"20":0,"21":0,"22":0,"23":0,"24":0,"25":0,"26":0,"27":0},"b":{"0":[0,0],"1":[0,0],"2":[0,0],"3":[0,0],"4":[0,0],"5":[0,0],"6":[0,0],"7":[0,0],"8":[0,0],"9":[0,0],"10":[0,0],"11":[0,0],"12":[0,0],"13":[0,0],"14":[0,0],"15":[0,0],"16":[0,0],"17":[0,0],"18":[0,0],"19":[0,0],"20":[0,0],"21":[0,0],"22":[0,0],"23":[0,0]},"_coverageSchema":"1a1c01bbd47fc00a2c39e90264f33305004495a9","hash":"80e7a3b97c86fc4ccee9ded0e84a7a65d42895e6"}
}
