{"/Users/eugeniamorales/Downloads/Documents/cs308project/r-EZ-ipe-backend/models/Schemas.js": {"path":"/Users/eugeniamorales/Downloads/Documents/cs308project/r-EZ-ipe-backend/models/Schemas.js","statementMap":{"0":{"start":{"line":1,"column":17},"end":{"line":1,"column":36}},"1":{"start":{"line":2,"column":15},"end":{"line":2,"column":30}},"2":{"start":{"line":4,"column":21},"end":{"line":10,"column":2}},"3":{"start":{"line":13,"column":25},"end":{"line":17,"column":2}},"4":{"start":{"line":19,"column":22},"end":{"line":23,"column":2}},"5":{"start":{"line":25,"column":20},"end":{"line":29,"column":2}},"6":{"start":{"line":31,"column":22},"end":{"line":35,"column":2}},"7":{"start":{"line":37,"column":24},"end":{"line":41,"column":2}},"8":{"start":{"line":43,"column":24},"end":{"line":47,"column":2}},"9":{"start":{"line":49,"column":27},"end":{"line":53,"column":2}},"10":{"start":{"line":55,"column":19},"end":{"line":59,"column":2}},"11":{"start":{"line":61,"column":20},"end":{"line":65,"column":2}},"12":{"start":{"line":67,"column":20},"end":{"line":72,"column":2}},"13":{"start":{"line":74,"column":16},"end":{"line":74,"column":66}},"14":{"start":{"line":76,"column":19},"end":{"line":76,"column":79}},"15":{"start":{"line":77,"column":16},"end":{"line":77,"column":67}},"16":{"start":{"line":78,"column":14},"end":{"line":78,"column":59}},"17":{"start":{"line":79,"column":16},"end":{"line":79,"column":67}},"18":{"start":{"line":80,"column":18},"end":{"line":80,"column":75}},"19":{"start":{"line":81,"column":18},"end":{"line":81,"column":75}},"20":{"start":{"line":82,"column":21},"end":{"line":86,"column":1}},"21":{"start":{"line":87,"column":13},"end":{"line":87,"column":55}},"22":{"start":{"line":88,"column":14},"end":{"line":88,"column":59}},"23":{"start":{"line":89,"column":14},"end":{"line":89,"column":59}},"24":{"start":{"line":90,"column":18},"end":{"line":102,"column":1}},"25":{"start":{"line":104,"column":0},"end":{"line":104,"column":27}}},"fnMap":{},"branchMap":{},"s":{"0":1,"1":1,"2":1,"3":1,"4":1,"5":1,"6":1,"7":1,"8":1,"9":1,"10":1,"11":1,"12":1,"13":1,"14":1,"15":1,"16":1,"17":1,"18":1,"19":1,"20":1,"21":1,"22":1,"23":1,"24":1,"25":1},"f":{},"b":{},"_coverageSchema":"1a1c01bbd47fc00a2c39e90264f33305004495a9","hash":"73765da84f6f32e2f72bc5cb8f49ec737b23def9"}
,"/Users/eugeniamorales/Downloads/Documents/cs308project/r-EZ-ipe-backend/routes/handler_funcs": {"path":"/Users/eugeniamorales/Downloads/Documents/cs308project/r-EZ-ipe-backend/routes/handler_funcs","statementMap":{"0":{"start":{"line":1,"column":16},"end":{"line":1,"column":47}},"1":{"start":{"line":2,"column":17},"end":{"line":2,"column":36}},"2":{"start":{"line":4,"column":20},"end":{"line":7,"column":9}},"3":{"start":{"line":4,"column":26},"end":{"line":7,"column":9}},"4":{"start":{"line":10,"column":23},"end":{"line":26,"column":3}},"5":{"start":{"line":12,"column":19},"end":{"line":16,"column":6}},"6":{"start":{"line":18,"column":4},"end":{"line":24,"column":7}},"7":{"start":{"line":19,"column":22},"end":{"line":19,"column":35}},"8":{"start":{"line":20,"column":8},"end":{"line":20,"column":21}},"9":{"start":{"line":22,"column":8},"end":{"line":22,"column":27}},"10":{"start":{"line":23,"column":8},"end":{"line":23,"column":21}},"11":{"start":{"line":30,"column":19},"end":{"line":34,"column":7}},"12":{"start":{"line":35,"column":22},"end":{"line":35,"column":75}},"13":{"start":{"line":36,"column":4},"end":{"line":43,"column":5}},"14":{"start":{"line":37,"column":24},"end":{"line":37,"column":51}},"15":{"start":{"line":38,"column":24},"end":{"line":38,"column":40}},"16":{"start":{"line":39,"column":6},"end":{"line":39,"column":23}},"17":{"start":{"line":41,"column":6},"end":{"line":41,"column":25}},"18":{"start":{"line":42,"column":6},"end":{"line":42,"column":19}},"19":{"start":{"line":48,"column":2},"end":{"line":48,"column":58}}},"fnMap":{"0":{"name":"(anonymous_0)","decl":{"start":{"line":4,"column":20},"end":{"line":4,"column":21}},"loc":{"start":{"line":4,"column":26},"end":{"line":7,"column":9}},"line":4},"1":{"name":"(anonymous_1)","decl":{"start":{"line":10,"column":23},"end":{"line":10,"column":24}},"loc":{"start":{"line":10,"column":55},"end":{"line":26,"column":3}},"line":10},"2":{"name":"addRecipe","decl":{"start":{"line":28,"column":17},"end":{"line":28,"column":26}},"loc":{"start":{"line":28,"column":38},"end":{"line":44,"column":3}},"line":28}},"branchMap":{},"s":{"0":1,"1":1,"2":1,"3":2,"4":1,"5":2,"6":2,"7":2,"8":2,"9":0,"10":0,"11":0,"12":0,"13":0,"14":0,"15":0,"16":0,"17":0,"18":0,"19":1},"f":{"0":2,"1":2,"2":0},"b":{},"inputSourceMap":null,"_coverageSchema":"1a1c01bbd47fc00a2c39e90264f33305004495a9","hash":"156465a9dd080e165b436cb8d2fed1a8897a5fd0"}
}
