TN:
SF:models/Schemas.js
FNF:0
FNH:0
DA:1,1
DA:2,1
DA:4,1
DA:13,1
DA:19,1
DA:25,1
DA:31,1
DA:37,1
DA:43,1
DA:49,1
DA:55,1
DA:61,1
DA:67,1
DA:74,1
DA:76,1
DA:77,1
DA:78,1
DA:79,1
DA:80,1
DA:81,1
DA:82,1
DA:87,1
DA:88,1
DA:89,1
DA:90,1
DA:104,1
LF:26
LH:26
BRF:0
BRH:0
end_of_record
TN:
SF:routes/handler_funcs
FN:4,(anonymous_0)
FN:10,(anonymous_1)
FN:28,addRecipe
FNF:3
FNH:3
FNDA:2,(anonymous_0)
FNDA:11,(anonymous_1)
FNDA:1,addRecipe
DA:1,1
DA:2,1
DA:4,2
DA:10,1
DA:12,11
DA:18,11
DA:19,11
DA:20,11
DA:22,0
DA:23,0
DA:30,1
DA:35,1
DA:36,0
DA:37,0
DA:38,0
DA:39,0
DA:41,0
DA:42,0
DA:48,1
LF:19
LH:11
BRF:0
BRH:0
end_of_record
